<?xml version="1.0" encoding="UTF-8"?>
<!-- Generated by org.testng.reporters.JUnitXMLReporter -->
<testsuite hostname="PF13BQ0ZKATYALD" failures="0" tests="4" name="Default test" time="9.082" errors="0" timestamp="18 Feb 2020 12:55:22 GMT">
  <testcase classname="donationInfo.donations" name="login" time="1.388"/>
  <testcase classname="donationInfo.donations" name="Assert200" time="4.557"/>
  <testcase classname="donationInfo.donations" name="Assert400" time="1.368"/>
  <testcase classname="donationInfo.donations" name="Assert401" time="1.323"/>
</testsuite> <!-- Default test -->
