<?xml version="1.0" encoding="UTF-8"?>
<!-- Generated by org.testng.reporters.JUnitXMLReporter -->
<testsuite hostname="PF13BQ0ZKATYALD" failures="0" tests="3" name="Default test" time="6.99" errors="0" timestamp="21 Feb 2020 14:15:50 GMT">
  <testcase classname="donationInfo.donations" name="Assert200" time="1.501"/>
  <testcase classname="donationInfo.donations" name="Assert400" time="1.462"/>
  <testcase classname="donationInfo.donations" name="Assert401" time="1.412"/>
</testsuite> <!-- Default test -->
