<?xml version="1.0" encoding="UTF-8"?>
<testng-results total="0" passed="0" failed="0" skipped="0">
  <reporter-output>
  </reporter-output>
  <suite started-at="2020-02-18T13:15:41Z" name="Default suite" finished-at="2020-02-18T13:15:43Z" duration-ms="1360">
    <groups>
    </groups>
    <test started-at="2020-02-18T13:15:41Z" name="Default test" finished-at="2020-02-18T13:15:43Z" duration-ms="1360">
      <class name="donationInfo.groupStatusCount">
        <test-method is-config="true" signature="PreTestProcess()[pri:0, instance:donationInfo.groupStatusCount@6913c1fb]" started-at="2020-02-18T18:45:41Z" name="PreTestProcess" finished-at="2020-02-18T18:45:42Z" duration-ms="732" status="PASS">
          <reporter-output>
          </reporter-output>
        </test-method> <!-- PreTestProcess -->
      </class> <!-- donationInfo.groupStatusCount -->
    </test> <!-- Default test -->
  </suite> <!-- Default suite -->
</testng-results>
